[Sun Dec 30 19:05:39 2018] [main.c] Load IP: 35.221.194.17
[Sun Dec 30 19:05:39 2018] [main.c] Load Port: 27015
[Sun Dec 30 19:05:43 2018] [main.c] Trying to connect to 35.221.194.17...
[Sun Dec 30 19:05:46 2018] [main.c] Trying to connect to 35.221.194.17...
[Sun Dec 30 19:05:50 2018] [main.c] Trying to connect to 35.221.194.17...
[Sun Dec 30 19:05:53 2018] [main.c] Trying to connect to 35.221.194.17...
[Sun Dec 30 19:05:56 2018] [main.c] Trying to connect to 35.221.194.17...
[Sun Dec 30 19:05:59 2018] [main.c] Trying to connect to 35.221.194.17...
[Sun Dec 30 19:06:02 2018] [main.c] Trying to connect to 35.221.194.17...
[Sun Dec 30 19:06:05 2018] [main.c] Trying to connect to 35.221.194.17...
[Sun Dec 30 19:06:08 2018] [main.c] Trying to connect to 35.221.194.17...
[Sun Dec 30 19:06:11 2018] [main.c] Trying to connect to 35.221.194.17...
[Sun Dec 30 19:06:14 2018] [main.c] Trying to connect to 35.221.194.17...
[Sun Dec 30 19:06:17 2018] [main.c] Trying to connect to 35.221.194.17...
[Sun Dec 30 19:06:20 2018] [main.c] Trying to connect to 35.221.194.17...
[Sun Dec 30 19:06:23 2018] [main.c] Trying to connect to 35.221.194.17...
[Sun Dec 30 19:06:26 2018] [main.c] Trying to connect to 35.221.194.17...
[Sun Dec 30 19:06:29 2018] [main.c] Trying to connect to 35.221.194.17...
[Sun Dec 30 19:06:32 2018] [main.c] Trying to connect to 35.221.194.17...
[Sun Dec 30 19:06:35 2018] [main.c] Trying to connect to 35.221.194.17...
[Sun Dec 30 19:06:38 2018] [main.c] Trying to connect to 35.221.194.17...
[Sun Dec 30 19:06:41 2018] [main.c] Trying to connect to 35.221.194.17...
[Sun Dec 30 19:06:44 2018] [main.c] Trying to connect to 35.221.194.17...
[Sun Dec 30 19:06:47 2018] [main.c] Trying to connect to 35.221.194.17...
[Sun Dec 30 19:06:50 2018] [main.c] Trying to connect to 35.221.194.17...
[Sun Dec 30 19:06:53 2018] [main.c] Trying to connect to 35.221.194.17...
[Sun Dec 30 19:06:55 2018] [main.c] Trying to connect to 35.221.194.17...
[Sun Dec 30 19:06:55 2018] [main.c] Connected to 35.221.194.17
[Sun Dec 30 19:06:55 2018] [main.c] AP is registered.
[Sun Dec 30 19:06:55 2018] [utility.c] get gateway id failed, can't open /etc/wifidog.conf
[Sun Dec 30 19:06:55 2018] [main.c] Send Action 4 to server.
[Sun Dec 30 19:06:58 2018] [main.c] Received JSON from server:
{"Action": 2}
[Sun Dec 30 19:06:58 2018] [JSON_request_handle.c] Action is 2
[Sun Dec 30 19:06:58 2018] [JSON_request_handle.c] AP Received Traffic is 1619(KiB)
[Sun Dec 30 19:06:58 2018] [JSON_request_handle.c] AP Transmit Traffic is 30724(KiB)
[Sun Dec 30 19:06:58 2018] [JSON_request_handle.c] AP Usage Percent is 7.00
[Sun Dec 30 19:07:01 2018] [main.c] Received JSON from server:
{"Action": 2}
[Sun Dec 30 19:07:01 2018] [JSON_request_handle.c] Action is 2
[Sun Dec 30 19:07:01 2018] [JSON_request_handle.c] AP Received Traffic is 1619(KiB)
[Sun Dec 30 19:07:01 2018] [JSON_request_handle.c] AP Transmit Traffic is 30725(KiB)
[Sun Dec 30 19:07:01 2018] [JSON_request_handle.c] AP Usage Percent is 7.03
[Sun Dec 30 19:07:04 2018] [main.c] Received JSON from server:
{"Action": 2}
[Sun Dec 30 19:07:04 2018] [JSON_request_handle.c] Action is 2
[Sun Dec 30 19:07:04 2018] [JSON_request_handle.c] AP Received Traffic is 1621(KiB)
[Sun Dec 30 19:07:04 2018] [JSON_request_handle.c] AP Transmit Traffic is 30727(KiB)
[Sun Dec 30 19:07:04 2018] [JSON_request_handle.c] AP Usage Percent is 7.04
[Sun Dec 30 19:07:38 2018] [main.c] Load IP: 35.221.194.17
[Sun Dec 30 19:07:38 2018] [main.c] Load Port: 27015
[Sun Dec 30 19:07:38 2018] [main.c] Connected to 35.221.194.17
[Sun Dec 30 19:07:38 2018] [main.c] AP is registered.
[Sun Dec 30 19:07:38 2018] [utility.c] get gateway id failed, can't open /etc/wifidog.conf
[Sun Dec 30 19:07:38 2018] [main.c] Send Action 4 to server.
[Sun Dec 30 19:07:41 2018] [main.c] Received JSON from server:
{"Action": 2}
[Sun Dec 30 19:07:41 2018] [JSON_request_handle.c] Action is 2
[Sun Dec 30 19:07:41 2018] [JSON_request_handle.c] AP Received Traffic is 1622(KiB)
[Sun Dec 30 19:07:41 2018] [JSON_request_handle.c] AP Transmit Traffic is 30730(KiB)
[Sun Dec 30 19:07:41 2018] [JSON_request_handle.c] AP Usage Percent is 7.04
[Sun Dec 30 19:07:44 2018] [main.c] Received JSON from server:
{"Action": 2}
[Sun Dec 30 19:07:44 2018] [JSON_request_handle.c] Action is 2
[Sun Dec 30 19:07:44 2018] [JSON_request_handle.c] AP Received Traffic is 1623(KiB)
[Sun Dec 30 19:07:44 2018] [JSON_request_handle.c] AP Transmit Traffic is 30731(KiB)
[Sun Dec 30 19:07:44 2018] [JSON_request_handle.c] AP Usage Percent is 7.04
